Traceback (most recent call last):
  File "/usr/local/lib/python3.9/site-packages/jupyter_cache/executors/utils.py", line 51, in single_nb_execution
    executenb(
  File "/usr/local/lib/python3.9/site-packages/nbclient/client.py", line 1093, in execute
    return NotebookClient(nb=nb, resources=resources, km=km, **kwargs).execute()
  File "/usr/local/lib/python3.9/site-packages/nbclient/util.py", line 84, in wrapped
    return just_run(coro(*args, **kwargs))
  File "/usr/local/lib/python3.9/site-packages/nbclient/util.py", line 62, in just_run
    return loop.run_until_complete(coro)
  File "/usr/local/Cellar/python@3.9/3.9.16/Frameworks/Python.framework/Versions/3.9/lib/python3.9/asyncio/base_events.py", line 647, in run_until_complete
    return future.result()
  File "/usr/local/lib/python3.9/site-packages/nbclient/client.py", line 559, in async_execute
    await self.async_execute_cell(
  File "/usr/local/lib/python3.9/site-packages/nbclient/client.py", line 854, in async_execute_cell
    self._check_raise_for_error(cell, exec_reply)
  File "/usr/local/lib/python3.9/site-packages/nbclient/client.py", line 756, in _check_raise_for_error
    raise CellExecutionError.from_cell_and_msg(cell, exec_reply_content)
nbclient.exceptions.CellExecutionError: An error occurred while executing the following cell:
------------------
Aa = np.array(A.tolist()[0],dtype='float64')
Ba = np.array(B.tolist()[0],dtype='float64')
Ca = np.array(C.tolist()[0],dtype='float64')
Da = np.array(D.tolist()[0],dtype='float64')
verts = [list(zip([Aa[0],Ba[0],Ca[0],Da[0]],[Aa[1],Ba[1],Ca[1],Da[1]],[Aa[2],Ba[2],Ca[2],Da[2]]))]
ax = plt.figure().add_subplot(projection='3d')
ax.view_init(elev=20, azim=210, roll=0)
ax.axes.set_xlim3d(left=-1, right=3) 
ax.axes.set_ylim3d(bottom=-1, top=3) 
ax.axes.set_zlim3d(bottom=-1, top=3)
ax.set_xlabel('x')
ax.set_ylabel('y')
ax.set_zlabel('z')
ax.add_collection3d(Poly3DCollection(verts))
ax.scatter(Aa[0],Aa[1],Aa[2], c='r', marker='o', s=20)
ax.text(Aa[0], Aa[1]-0.25, Aa[2]+0.25, "A", c='r') 
ax.scatter(Ba[0],Ba[1],Ba[2], c='r', marker='o', s=20)
ax.text(Ba[0], Ba[1]+0.25, Ba[2]+0.25, "B", c='r')
ax.scatter(Ca[0],Ca[1],Ca[2], c='r', marker='o', s=20)
ax.text(Ca[0], Ca[1], Ca[2]+0.25, "C", c='r') 
ax.scatter(Da[0],Da[1],Da[2], c='r', marker='o', s=20)
ax.text(Da[0], Da[1], Da[2]+0.25, "D", c='r')
plt.show()
------------------

[0;31m---------------------------------------------------------------------------[0m
[0;31mTypeError[0m                                 Traceback (most recent call last)
[0;32m/var/folders/9y/379gbxjx3255qz9rg64kh7mm0000gn/T/ipykernel_34616/3728568543.py[0m in [0;36m<module>[0;34m[0m
[1;32m      5[0m [0mverts[0m [0;34m=[0m [0;34m[[0m[0mlist[0m[0;34m([0m[0mzip[0m[0;34m([0m[0;34m[[0m[0mAa[0m[0;34m[[0m[0;36m0[0m[0;34m][0m[0;34m,[0m[0mBa[0m[0;34m[[0m[0;36m0[0m[0;34m][0m[0;34m,[0m[0mCa[0m[0;34m[[0m[0;36m0[0m[0;34m][0m[0;34m,[0m[0mDa[0m[0;34m[[0m[0;36m0[0m[0;34m][0m[0;34m][0m[0;34m,[0m[0;34m[[0m[0mAa[0m[0;34m[[0m[0;36m1[0m[0;34m][0m[0;34m,[0m[0mBa[0m[0;34m[[0m[0;36m1[0m[0;34m][0m[0;34m,[0m[0mCa[0m[0;34m[[0m[0;36m1[0m[0;34m][0m[0;34m,[0m[0mDa[0m[0;34m[[0m[0;36m1[0m[0;34m][0m[0;34m][0m[0;34m,[0m[0;34m[[0m[0mAa[0m[0;34m[[0m[0;36m2[0m[0;34m][0m[0;34m,[0m[0mBa[0m[0;34m[[0m[0;36m2[0m[0;34m][0m[0;34m,[0m[0mCa[0m[0;34m[[0m[0;36m2[0m[0;34m][0m[0;34m,[0m[0mDa[0m[0;34m[[0m[0;36m2[0m[0;34m][0m[0;34m][0m[0;34m)[0m[0;34m)[0m[0;34m][0m[0;34m[0m[0;34m[0m[0m
[1;32m      6[0m [0max[0m [0;34m=[0m [0mplt[0m[0;34m.[0m[0mfigure[0m[0;34m([0m[0;34m)[0m[0;34m.[0m[0madd_subplot[0m[0;34m([0m[0mprojection[0m[0;34m=[0m[0;34m'3d'[0m[0;34m)[0m[0;34m[0m[0;34m[0m[0m
[0;32m----> 7[0;31m [0max[0m[0;34m.[0m[0mview_init[0m[0;34m([0m[0melev[0m[0;34m=[0m[0;36m20[0m[0;34m,[0m [0mazim[0m[0;34m=[0m[0;36m210[0m[0;34m,[0m [0mroll[0m[0;34m=[0m[0;36m0[0m[0;34m)[0m[0;34m[0m[0;34m[0m[0m
[0m[1;32m      8[0m [0max[0m[0;34m.[0m[0maxes[0m[0;34m.[0m[0mset_xlim3d[0m[0;34m([0m[0mleft[0m[0;34m=[0m[0;34m-[0m[0;36m1[0m[0;34m,[0m [0mright[0m[0;34m=[0m[0;36m3[0m[0;34m)[0m[0;34m[0m[0;34m[0m[0m
[1;32m      9[0m [0max[0m[0;34m.[0m[0maxes[0m[0;34m.[0m[0mset_ylim3d[0m[0;34m([0m[0mbottom[0m[0;34m=[0m[0;34m-[0m[0;36m1[0m[0;34m,[0m [0mtop[0m[0;34m=[0m[0;36m3[0m[0;34m)[0m[0;34m[0m[0;34m[0m[0m

[0;31mTypeError[0m: view_init() got an unexpected keyword argument 'roll'
TypeError: view_init() got an unexpected keyword argument 'roll'

